Determining if the Q_WS_X11 exist failed with the following output:
Change Dir: /Users/mikewinters/Desktop/ELVISon/build/CMakeFiles/CMakeTmp

Run Build Command:/usr/bin/make "cmTryCompileExec2593675307/fast"
/usr/bin/make -f CMakeFiles/cmTryCompileExec2593675307.dir/build.make CMakeFiles/cmTryCompileExec2593675307.dir/build
/Applications/CMake2.8-11.app/Contents/bin/cmake -E cmake_progress_report /Users/mikewinters/Desktop/ELVISon/build/CMakeFiles/CMakeTmp/CMakeFiles 1
Building CXX object CMakeFiles/cmTryCompileExec2593675307.dir/CheckSymbolExists.cxx.o
/usr/bin/c++    -arch x86_64 -isysroot /Applications/Xcode.app/Contents/Developer/Platforms/MacOSX.platform/Developer/SDKs/MacOSX10.7.sdk -I/usr/local/Cellar/qt/4.8.5/include -F/usr/local/Cellar/qt/4.8.5/lib    -o CMakeFiles/cmTryCompileExec2593675307.dir/CheckSymbolExists.cxx.o -c /Users/mikewinters/Desktop/ELVISon/build/CMakeFiles/CMakeTmp/CheckSymbolExists.cxx
/Users/mikewinters/Desktop/ELVISon/build/CMakeFiles/CMakeTmp/CheckSymbolExists.cxx:8:19: error: use of undeclared identifier 'Q_WS_X11'
  return ((int*)(&Q_WS_X11))[argc];
                  ^
1 error generated.
make[1]: *** [CMakeFiles/cmTryCompileExec2593675307.dir/CheckSymbolExists.cxx.o] Error 1
make: *** [cmTryCompileExec2593675307/fast] Error 2

File /Users/mikewinters/Desktop/ELVISon/build/CMakeFiles/CMakeTmp/CheckSymbolExists.cxx:
/* */
#include <QtCore/qglobal.h>

int main(int argc, char** argv)
{
  (void)argv;
#ifndef Q_WS_X11
  return ((int*)(&Q_WS_X11))[argc];
#else
  (void)argc;
  return 0;
#endif
}

Determining if the Q_WS_WIN exist failed with the following output:
Change Dir: /Users/mikewinters/Desktop/ELVISon/build/CMakeFiles/CMakeTmp

Run Build Command:/usr/bin/make "cmTryCompileExec853866256/fast"
/usr/bin/make -f CMakeFiles/cmTryCompileExec853866256.dir/build.make CMakeFiles/cmTryCompileExec853866256.dir/build
/Applications/CMake2.8-11.app/Contents/bin/cmake -E cmake_progress_report /Users/mikewinters/Desktop/ELVISon/build/CMakeFiles/CMakeTmp/CMakeFiles 1
Building CXX object CMakeFiles/cmTryCompileExec853866256.dir/CheckSymbolExists.cxx.o
/usr/bin/c++    -arch x86_64 -isysroot /Applications/Xcode.app/Contents/Developer/Platforms/MacOSX.platform/Developer/SDKs/MacOSX10.7.sdk -I/usr/local/Cellar/qt/4.8.5/include -F/usr/local/Cellar/qt/4.8.5/lib    -o CMakeFiles/cmTryCompileExec853866256.dir/CheckSymbolExists.cxx.o -c /Users/mikewinters/Desktop/ELVISon/build/CMakeFiles/CMakeTmp/CheckSymbolExists.cxx
/Users/mikewinters/Desktop/ELVISon/build/CMakeFiles/CMakeTmp/CheckSymbolExists.cxx:8:19: error: use of undeclared identifier 'Q_WS_WIN'
  return ((int*)(&Q_WS_WIN))[argc];
                  ^
1 error generated.
make[1]: *** [CMakeFiles/cmTryCompileExec853866256.dir/CheckSymbolExists.cxx.o] Error 1
make: *** [cmTryCompileExec853866256/fast] Error 2

File /Users/mikewinters/Desktop/ELVISon/build/CMakeFiles/CMakeTmp/CheckSymbolExists.cxx:
/* */
#include <QtCore/qglobal.h>

int main(int argc, char** argv)
{
  (void)argv;
#ifndef Q_WS_WIN
  return ((int*)(&Q_WS_WIN))[argc];
#else
  (void)argc;
  return 0;
#endif
}

Determining if the Q_WS_QWS exist failed with the following output:
Change Dir: /Users/mikewinters/Desktop/ELVISon/build/CMakeFiles/CMakeTmp

Run Build Command:/usr/bin/make "cmTryCompileExec3010906256/fast"
/usr/bin/make -f CMakeFiles/cmTryCompileExec3010906256.dir/build.make CMakeFiles/cmTryCompileExec3010906256.dir/build
/Applications/CMake2.8-11.app/Contents/bin/cmake -E cmake_progress_report /Users/mikewinters/Desktop/ELVISon/build/CMakeFiles/CMakeTmp/CMakeFiles 1
Building CXX object CMakeFiles/cmTryCompileExec3010906256.dir/CheckSymbolExists.cxx.o
/usr/bin/c++    -arch x86_64 -isysroot /Applications/Xcode.app/Contents/Developer/Platforms/MacOSX.platform/Developer/SDKs/MacOSX10.7.sdk -I/usr/local/Cellar/qt/4.8.5/include -F/usr/local/Cellar/qt/4.8.5/lib    -o CMakeFiles/cmTryCompileExec3010906256.dir/CheckSymbolExists.cxx.o -c /Users/mikewinters/Desktop/ELVISon/build/CMakeFiles/CMakeTmp/CheckSymbolExists.cxx
/Users/mikewinters/Desktop/ELVISon/build/CMakeFiles/CMakeTmp/CheckSymbolExists.cxx:8:19: error: use of undeclared identifier 'Q_WS_QWS'
  return ((int*)(&Q_WS_QWS))[argc];
                  ^
1 error generated.
make[1]: *** [CMakeFiles/cmTryCompileExec3010906256.dir/CheckSymbolExists.cxx.o] Error 1
make: *** [cmTryCompileExec3010906256/fast] Error 2

File /Users/mikewinters/Desktop/ELVISon/build/CMakeFiles/CMakeTmp/CheckSymbolExists.cxx:
/* */
#include <QtCore/qglobal.h>

int main(int argc, char** argv)
{
  (void)argv;
#ifndef Q_WS_QWS
  return ((int*)(&Q_WS_QWS))[argc];
#else
  (void)argc;
  return 0;
#endif
}

