The system is: Darwin - 11.4.2 - i386
Compiling the C compiler identification source file "CMakeCCompilerId.c" succeeded.
Compiler: /usr/bin/cc 
Build flags: 
Id flags: 

The output was:
0


Compilation of the C compiler identification source "CMakeCCompilerId.c" produced "a.out"

The C compiler identification is Clang, found in "/Users/mikewinters/Desktop/ELVISon/build/CMakeFiles/2.8.11.2/CompilerIdC/a.out"

Compiling the CXX compiler identification source file "CMakeCXXCompilerId.cpp" succeeded.
Compiler: /usr/bin/c++ 
Build flags: 
Id flags: 

The output was:
0


Compilation of the CXX compiler identification source "CMakeCXXCompilerId.cpp" produced "a.out"

The CXX compiler identification is Clang, found in "/Users/mikewinters/Desktop/ELVISon/build/CMakeFiles/2.8.11.2/CompilerIdCXX/a.out"

Determining if the C compiler works passed with the following output:
Change Dir: /Users/mikewinters/Desktop/ELVISon/build/CMakeFiles/CMakeTmp

Run Build Command:/usr/bin/make "cmTryCompileExec2573004583/fast"
/usr/bin/make -f CMakeFiles/cmTryCompileExec2573004583.dir/build.make CMakeFiles/cmTryCompileExec2573004583.dir/build
/Applications/CMake2.8-11.app/Contents/bin/cmake -E cmake_progress_report /Users/mikewinters/Desktop/ELVISon/build/CMakeFiles/CMakeTmp/CMakeFiles 1
Building C object CMakeFiles/cmTryCompileExec2573004583.dir/testCCompiler.c.o
/usr/bin/cc   -isysroot /Applications/Xcode.app/Contents/Developer/Platforms/MacOSX.platform/Developer/SDKs/MacOSX10.7.sdk   -o CMakeFiles/cmTryCompileExec2573004583.dir/testCCompiler.c.o   -c /Users/mikewinters/Desktop/ELVISon/build/CMakeFiles/CMakeTmp/testCCompiler.c
Linking C executable cmTryCompileExec2573004583
/Applications/CMake2.8-11.app/Contents/bin/cmake -E cmake_link_script CMakeFiles/cmTryCompileExec2573004583.dir/link.txt --verbose=1
/usr/bin/cc      -isysroot /Applications/Xcode.app/Contents/Developer/Platforms/MacOSX.platform/Developer/SDKs/MacOSX10.7.sdk -Wl,-search_paths_first -Wl,-headerpad_max_install_names   CMakeFiles/cmTryCompileExec2573004583.dir/testCCompiler.c.o  -o cmTryCompileExec2573004583  


Detecting C compiler ABI info compiled with the following output:
Change Dir: /Users/mikewinters/Desktop/ELVISon/build/CMakeFiles/CMakeTmp

Run Build Command:/usr/bin/make "cmTryCompileExec4108211449/fast"
/usr/bin/make -f CMakeFiles/cmTryCompileExec4108211449.dir/build.make CMakeFiles/cmTryCompileExec4108211449.dir/build
/Applications/CMake2.8-11.app/Contents/bin/cmake -E cmake_progress_report /Users/mikewinters/Desktop/ELVISon/build/CMakeFiles/CMakeTmp/CMakeFiles 1
Building C object CMakeFiles/cmTryCompileExec4108211449.dir/CMakeCCompilerABI.c.o
/usr/bin/cc   -arch x86_64 -isysroot /Applications/Xcode.app/Contents/Developer/Platforms/MacOSX.platform/Developer/SDKs/MacOSX10.7.sdk   -o CMakeFiles/cmTryCompileExec4108211449.dir/CMakeCCompilerABI.c.o   -c /Applications/CMake2.8-11.app/Contents/share/cmake-2.8/Modules/CMakeCCompilerABI.c
Linking C executable cmTryCompileExec4108211449
/Applications/CMake2.8-11.app/Contents/bin/cmake -E cmake_link_script CMakeFiles/cmTryCompileExec4108211449.dir/link.txt --verbose=1
/usr/bin/cc      -arch x86_64 -isysroot /Applications/Xcode.app/Contents/Developer/Platforms/MacOSX.platform/Developer/SDKs/MacOSX10.7.sdk -Wl,-search_paths_first -Wl,-headerpad_max_install_names -v -Wl,-v CMakeFiles/cmTryCompileExec4108211449.dir/CMakeCCompilerABI.c.o  -o cmTryCompileExec4108211449   
Apple clang version 4.0 (tags/Apple/clang-421.0.60) (based on LLVM 3.1svn)
Target: x86_64-apple-darwin11.4.2
Thread model: posix
 "/usr/bin/ld" -demangle -dynamic -arch x86_64 -macosx_version_min 10.7.0 -syslibroot /Applications/Xcode.app/Contents/Developer/Platforms/MacOSX.platform/Developer/SDKs/MacOSX10.7.sdk -o cmTryCompileExec4108211449 -lcrt1.10.6.o -search_paths_first -headerpad_max_install_names -v CMakeFiles/cmTryCompileExec4108211449.dir/CMakeCCompilerABI.c.o -lSystem /usr/bin/../lib/clang/4.0/lib/darwin/libclang_rt.osx.a
@(#)PROGRAM:ld  PROJECT:ld64-133.3
configured to support archs: armv6 armv7 i386 x86_64
Library search paths:
	/Applications/Xcode.app/Contents/Developer/Platforms/MacOSX.platform/Developer/SDKs/MacOSX10.7.sdk/usr/lib
Framework search paths:
	/Applications/Xcode.app/Contents/Developer/Platforms/MacOSX.platform/Developer/SDKs/MacOSX10.7.sdk/System/Library/Frameworks/


Parsed C implicit link information from above output:
  link line regex: [^( *|.*[/\])(ld|ld|collect2)[^/\]*( |$)]
  ignore line: [Change Dir: /Users/mikewinters/Desktop/ELVISon/build/CMakeFiles/CMakeTmp]
  ignore line: []
  ignore line: [Run Build Command:/usr/bin/make "cmTryCompileExec4108211449/fast"]
  ignore line: [/usr/bin/make -f CMakeFiles/cmTryCompileExec4108211449.dir/build.make CMakeFiles/cmTryCompileExec4108211449.dir/build]
  ignore line: [/Applications/CMake2.8-11.app/Contents/bin/cmake -E cmake_progress_report /Users/mikewinters/Desktop/ELVISon/build/CMakeFiles/CMakeTmp/CMakeFiles 1]
  ignore line: [Building C object CMakeFiles/cmTryCompileExec4108211449.dir/CMakeCCompilerABI.c.o]
  ignore line: [/usr/bin/cc   -arch x86_64 -isysroot /Applications/Xcode.app/Contents/Developer/Platforms/MacOSX.platform/Developer/SDKs/MacOSX10.7.sdk   -o CMakeFiles/cmTryCompileExec4108211449.dir/CMakeCCompilerABI.c.o   -c /Applications/CMake2.8-11.app/Contents/share/cmake-2.8/Modules/CMakeCCompilerABI.c]
  ignore line: [Linking C executable cmTryCompileExec4108211449]
  ignore line: [/Applications/CMake2.8-11.app/Contents/bin/cmake -E cmake_link_script CMakeFiles/cmTryCompileExec4108211449.dir/link.txt --verbose=1]
  ignore line: [/usr/bin/cc      -arch x86_64 -isysroot /Applications/Xcode.app/Contents/Developer/Platforms/MacOSX.platform/Developer/SDKs/MacOSX10.7.sdk -Wl,-search_paths_first -Wl,-headerpad_max_install_names -v -Wl,-v CMakeFiles/cmTryCompileExec4108211449.dir/CMakeCCompilerABI.c.o  -o cmTryCompileExec4108211449   ]
  ignore line: [Apple clang version 4.0 (tags/Apple/clang-421.0.60) (based on LLVM 3.1svn)]
  ignore line: [Target: x86_64-apple-darwin11.4.2]
  ignore line: [Thread model: posix]
  link line: [ "/usr/bin/ld" -demangle -dynamic -arch x86_64 -macosx_version_min 10.7.0 -syslibroot /Applications/Xcode.app/Contents/Developer/Platforms/MacOSX.platform/Developer/SDKs/MacOSX10.7.sdk -o cmTryCompileExec4108211449 -lcrt1.10.6.o -search_paths_first -headerpad_max_install_names -v CMakeFiles/cmTryCompileExec4108211449.dir/CMakeCCompilerABI.c.o -lSystem /usr/bin/../lib/clang/4.0/lib/darwin/libclang_rt.osx.a]
    arg [/usr/bin/ld] ==> ignore
    arg [-demangle] ==> ignore
    arg [-dynamic] ==> ignore
    arg [-arch] ==> ignore
    arg [x86_64] ==> ignore
    arg [-macosx_version_min] ==> ignore
    arg [10.7.0] ==> ignore
    arg [-syslibroot] ==> ignore
    arg [/Applications/Xcode.app/Contents/Developer/Platforms/MacOSX.platform/Developer/SDKs/MacOSX10.7.sdk] ==> ignore
    arg [-o] ==> ignore
    arg [cmTryCompileExec4108211449] ==> ignore
    arg [-lcrt1.10.6.o] ==> lib [crt1.10.6.o]
    arg [-search_paths_first] ==> ignore
    arg [-headerpad_max_install_names] ==> ignore
    arg [-v] ==> ignore
    arg [CMakeFiles/cmTryCompileExec4108211449.dir/CMakeCCompilerABI.c.o] ==> ignore
    arg [-lSystem] ==> lib [System]
    arg [/usr/bin/../lib/clang/4.0/lib/darwin/libclang_rt.osx.a] ==> lib [/usr/bin/../lib/clang/4.0/lib/darwin/libclang_rt.osx.a]
  Library search paths: [;/Applications/Xcode.app/Contents/Developer/Platforms/MacOSX.platform/Developer/SDKs/MacOSX10.7.sdk/usr/lib]
  Framework search paths: [;/Applications/Xcode.app/Contents/Developer/Platforms/MacOSX.platform/Developer/SDKs/MacOSX10.7.sdk/System/Library/Frameworks/]
  remove lib [crt1.10.6.o]
  remove lib [System]
  collapse lib [/usr/bin/../lib/clang/4.0/lib/darwin/libclang_rt.osx.a] ==> [/usr/lib/clang/4.0/lib/darwin/libclang_rt.osx.a]
  collapse library dir [/Applications/Xcode.app/Contents/Developer/Platforms/MacOSX.platform/Developer/SDKs/MacOSX10.7.sdk/usr/lib] ==> [/Applications/Xcode.app/Contents/Developer/Platforms/MacOSX.platform/Developer/SDKs/MacOSX10.7.sdk/usr/lib]
  collapse framework dir [/Applications/Xcode.app/Contents/Developer/Platforms/MacOSX.platform/Developer/SDKs/MacOSX10.7.sdk/System/Library/Frameworks/] ==> [/Applications/Xcode.app/Contents/Developer/Platforms/MacOSX.platform/Developer/SDKs/MacOSX10.7.sdk/System/Library/Frameworks]
  implicit libs: [/usr/lib/clang/4.0/lib/darwin/libclang_rt.osx.a]
  implicit dirs: [/Applications/Xcode.app/Contents/Developer/Platforms/MacOSX.platform/Developer/SDKs/MacOSX10.7.sdk/usr/lib]
  implicit fwks: [/Applications/Xcode.app/Contents/Developer/Platforms/MacOSX.platform/Developer/SDKs/MacOSX10.7.sdk/System/Library/Frameworks]


Determining if the CXX compiler works passed with the following output:
Change Dir: /Users/mikewinters/Desktop/ELVISon/build/CMakeFiles/CMakeTmp

Run Build Command:/usr/bin/make "cmTryCompileExec3640952327/fast"
/usr/bin/make -f CMakeFiles/cmTryCompileExec3640952327.dir/build.make CMakeFiles/cmTryCompileExec3640952327.dir/build
/Applications/CMake2.8-11.app/Contents/bin/cmake -E cmake_progress_report /Users/mikewinters/Desktop/ELVISon/build/CMakeFiles/CMakeTmp/CMakeFiles 1
Building CXX object CMakeFiles/cmTryCompileExec3640952327.dir/testCXXCompiler.cxx.o
/usr/bin/c++    -isysroot /Applications/Xcode.app/Contents/Developer/Platforms/MacOSX.platform/Developer/SDKs/MacOSX10.7.sdk   -o CMakeFiles/cmTryCompileExec3640952327.dir/testCXXCompiler.cxx.o -c /Users/mikewinters/Desktop/ELVISon/build/CMakeFiles/CMakeTmp/testCXXCompiler.cxx
Linking CXX executable cmTryCompileExec3640952327
/Applications/CMake2.8-11.app/Contents/bin/cmake -E cmake_link_script CMakeFiles/cmTryCompileExec3640952327.dir/link.txt --verbose=1
/usr/bin/c++       -isysroot /Applications/Xcode.app/Contents/Developer/Platforms/MacOSX.platform/Developer/SDKs/MacOSX10.7.sdk -Wl,-search_paths_first -Wl,-headerpad_max_install_names   CMakeFiles/cmTryCompileExec3640952327.dir/testCXXCompiler.cxx.o  -o cmTryCompileExec3640952327  


Detecting CXX compiler ABI info compiled with the following output:
Change Dir: /Users/mikewinters/Desktop/ELVISon/build/CMakeFiles/CMakeTmp

Run Build Command:/usr/bin/make "cmTryCompileExec620452397/fast"
/usr/bin/make -f CMakeFiles/cmTryCompileExec620452397.dir/build.make CMakeFiles/cmTryCompileExec620452397.dir/build
/Applications/CMake2.8-11.app/Contents/bin/cmake -E cmake_progress_report /Users/mikewinters/Desktop/ELVISon/build/CMakeFiles/CMakeTmp/CMakeFiles 1
Building CXX object CMakeFiles/cmTryCompileExec620452397.dir/CMakeCXXCompilerABI.cpp.o
/usr/bin/c++    -arch x86_64 -isysroot /Applications/Xcode.app/Contents/Developer/Platforms/MacOSX.platform/Developer/SDKs/MacOSX10.7.sdk   -o CMakeFiles/cmTryCompileExec620452397.dir/CMakeCXXCompilerABI.cpp.o -c /Applications/CMake2.8-11.app/Contents/share/cmake-2.8/Modules/CMakeCXXCompilerABI.cpp
Linking CXX executable cmTryCompileExec620452397
/Applications/CMake2.8-11.app/Contents/bin/cmake -E cmake_link_script CMakeFiles/cmTryCompileExec620452397.dir/link.txt --verbose=1
/usr/bin/c++       -arch x86_64 -isysroot /Applications/Xcode.app/Contents/Developer/Platforms/MacOSX.platform/Developer/SDKs/MacOSX10.7.sdk -Wl,-search_paths_first -Wl,-headerpad_max_install_names -v -Wl,-v CMakeFiles/cmTryCompileExec620452397.dir/CMakeCXXCompilerABI.cpp.o  -o cmTryCompileExec620452397   
Apple clang version 4.0 (tags/Apple/clang-421.0.60) (based on LLVM 3.1svn)
Target: x86_64-apple-darwin11.4.2
Thread model: posix
 "/usr/bin/ld" -demangle -dynamic -arch x86_64 -macosx_version_min 10.7.0 -syslibroot /Applications/Xcode.app/Contents/Developer/Platforms/MacOSX.platform/Developer/SDKs/MacOSX10.7.sdk -o cmTryCompileExec620452397 -lcrt1.10.6.o -search_paths_first -headerpad_max_install_names -v CMakeFiles/cmTryCompileExec620452397.dir/CMakeCXXCompilerABI.cpp.o -lstdc++ -lSystem /usr/bin/../lib/clang/4.0/lib/darwin/libclang_rt.osx.a
@(#)PROGRAM:ld  PROJECT:ld64-133.3
configured to support archs: armv6 armv7 i386 x86_64
Library search paths:
	/Applications/Xcode.app/Contents/Developer/Platforms/MacOSX.platform/Developer/SDKs/MacOSX10.7.sdk/usr/lib
Framework search paths:
	/Applications/Xcode.app/Contents/Developer/Platforms/MacOSX.platform/Developer/SDKs/MacOSX10.7.sdk/System/Library/Frameworks/


Parsed CXX implicit link information from above output:
  link line regex: [^( *|.*[/\])(ld|ld|collect2)[^/\]*( |$)]
  ignore line: [Change Dir: /Users/mikewinters/Desktop/ELVISon/build/CMakeFiles/CMakeTmp]
  ignore line: []
  ignore line: [Run Build Command:/usr/bin/make "cmTryCompileExec620452397/fast"]
  ignore line: [/usr/bin/make -f CMakeFiles/cmTryCompileExec620452397.dir/build.make CMakeFiles/cmTryCompileExec620452397.dir/build]
  ignore line: [/Applications/CMake2.8-11.app/Contents/bin/cmake -E cmake_progress_report /Users/mikewinters/Desktop/ELVISon/build/CMakeFiles/CMakeTmp/CMakeFiles 1]
  ignore line: [Building CXX object CMakeFiles/cmTryCompileExec620452397.dir/CMakeCXXCompilerABI.cpp.o]
  ignore line: [/usr/bin/c++    -arch x86_64 -isysroot /Applications/Xcode.app/Contents/Developer/Platforms/MacOSX.platform/Developer/SDKs/MacOSX10.7.sdk   -o CMakeFiles/cmTryCompileExec620452397.dir/CMakeCXXCompilerABI.cpp.o -c /Applications/CMake2.8-11.app/Contents/share/cmake-2.8/Modules/CMakeCXXCompilerABI.cpp]
  ignore line: [Linking CXX executable cmTryCompileExec620452397]
  ignore line: [/Applications/CMake2.8-11.app/Contents/bin/cmake -E cmake_link_script CMakeFiles/cmTryCompileExec620452397.dir/link.txt --verbose=1]
  ignore line: [/usr/bin/c++       -arch x86_64 -isysroot /Applications/Xcode.app/Contents/Developer/Platforms/MacOSX.platform/Developer/SDKs/MacOSX10.7.sdk -Wl,-search_paths_first -Wl,-headerpad_max_install_names -v -Wl,-v CMakeFiles/cmTryCompileExec620452397.dir/CMakeCXXCompilerABI.cpp.o  -o cmTryCompileExec620452397   ]
  ignore line: [Apple clang version 4.0 (tags/Apple/clang-421.0.60) (based on LLVM 3.1svn)]
  ignore line: [Target: x86_64-apple-darwin11.4.2]
  ignore line: [Thread model: posix]
  link line: [ "/usr/bin/ld" -demangle -dynamic -arch x86_64 -macosx_version_min 10.7.0 -syslibroot /Applications/Xcode.app/Contents/Developer/Platforms/MacOSX.platform/Developer/SDKs/MacOSX10.7.sdk -o cmTryCompileExec620452397 -lcrt1.10.6.o -search_paths_first -headerpad_max_install_names -v CMakeFiles/cmTryCompileExec620452397.dir/CMakeCXXCompilerABI.cpp.o -lstdc++ -lSystem /usr/bin/../lib/clang/4.0/lib/darwin/libclang_rt.osx.a]
    arg [/usr/bin/ld] ==> ignore
    arg [-demangle] ==> ignore
    arg [-dynamic] ==> ignore
    arg [-arch] ==> ignore
    arg [x86_64] ==> ignore
    arg [-macosx_version_min] ==> ignore
    arg [10.7.0] ==> ignore
    arg [-syslibroot] ==> ignore
    arg [/Applications/Xcode.app/Contents/Developer/Platforms/MacOSX.platform/Developer/SDKs/MacOSX10.7.sdk] ==> ignore
    arg [-o] ==> ignore
    arg [cmTryCompileExec620452397] ==> ignore
    arg [-lcrt1.10.6.o] ==> lib [crt1.10.6.o]
    arg [-search_paths_first] ==> ignore
    arg [-headerpad_max_install_names] ==> ignore
    arg [-v] ==> ignore
    arg [CMakeFiles/cmTryCompileExec620452397.dir/CMakeCXXCompilerABI.cpp.o] ==> ignore
    arg [-lstdc++] ==> lib [stdc++]
    arg [-lSystem] ==> lib [System]
    arg [/usr/bin/../lib/clang/4.0/lib/darwin/libclang_rt.osx.a] ==> lib [/usr/bin/../lib/clang/4.0/lib/darwin/libclang_rt.osx.a]
  Library search paths: [;/Applications/Xcode.app/Contents/Developer/Platforms/MacOSX.platform/Developer/SDKs/MacOSX10.7.sdk/usr/lib]
  Framework search paths: [;/Applications/Xcode.app/Contents/Developer/Platforms/MacOSX.platform/Developer/SDKs/MacOSX10.7.sdk/System/Library/Frameworks/]
  remove lib [crt1.10.6.o]
  remove lib [System]
  collapse lib [/usr/bin/../lib/clang/4.0/lib/darwin/libclang_rt.osx.a] ==> [/usr/lib/clang/4.0/lib/darwin/libclang_rt.osx.a]
  collapse library dir [/Applications/Xcode.app/Contents/Developer/Platforms/MacOSX.platform/Developer/SDKs/MacOSX10.7.sdk/usr/lib] ==> [/Applications/Xcode.app/Contents/Developer/Platforms/MacOSX.platform/Developer/SDKs/MacOSX10.7.sdk/usr/lib]
  collapse framework dir [/Applications/Xcode.app/Contents/Developer/Platforms/MacOSX.platform/Developer/SDKs/MacOSX10.7.sdk/System/Library/Frameworks/] ==> [/Applications/Xcode.app/Contents/Developer/Platforms/MacOSX.platform/Developer/SDKs/MacOSX10.7.sdk/System/Library/Frameworks]
  implicit libs: [stdc++;/usr/lib/clang/4.0/lib/darwin/libclang_rt.osx.a]
  implicit dirs: [/Applications/Xcode.app/Contents/Developer/Platforms/MacOSX.platform/Developer/SDKs/MacOSX10.7.sdk/usr/lib]
  implicit fwks: [/Applications/Xcode.app/Contents/Developer/Platforms/MacOSX.platform/Developer/SDKs/MacOSX10.7.sdk/System/Library/Frameworks]


Determining if the Q_WS_MAC exist passed with the following output:
Change Dir: /Users/mikewinters/Desktop/ELVISon/build/CMakeFiles/CMakeTmp

Run Build Command:/usr/bin/make "cmTryCompileExec3742621101/fast"
/usr/bin/make -f CMakeFiles/cmTryCompileExec3742621101.dir/build.make CMakeFiles/cmTryCompileExec3742621101.dir/build
/Applications/CMake2.8-11.app/Contents/bin/cmake -E cmake_progress_report /Users/mikewinters/Desktop/ELVISon/build/CMakeFiles/CMakeTmp/CMakeFiles 1
Building CXX object CMakeFiles/cmTryCompileExec3742621101.dir/CheckSymbolExists.cxx.o
/usr/bin/c++    -arch x86_64 -isysroot /Applications/Xcode.app/Contents/Developer/Platforms/MacOSX.platform/Developer/SDKs/MacOSX10.7.sdk -I/usr/local/Cellar/qt/4.8.5/include -F/usr/local/Cellar/qt/4.8.5/lib    -o CMakeFiles/cmTryCompileExec3742621101.dir/CheckSymbolExists.cxx.o -c /Users/mikewinters/Desktop/ELVISon/build/CMakeFiles/CMakeTmp/CheckSymbolExists.cxx
Linking CXX executable cmTryCompileExec3742621101
/Applications/CMake2.8-11.app/Contents/bin/cmake -E cmake_link_script CMakeFiles/cmTryCompileExec3742621101.dir/link.txt --verbose=1
/usr/bin/c++       -arch x86_64 -isysroot /Applications/Xcode.app/Contents/Developer/Platforms/MacOSX.platform/Developer/SDKs/MacOSX10.7.sdk -Wl,-search_paths_first -Wl,-headerpad_max_install_names   CMakeFiles/cmTryCompileExec3742621101.dir/CheckSymbolExists.cxx.o  -o cmTryCompileExec3742621101  

File /Users/mikewinters/Desktop/ELVISon/build/CMakeFiles/CMakeTmp/CheckSymbolExists.cxx:
/* */
#include <QtCore/qglobal.h>

int main(int argc, char** argv)
{
  (void)argv;
#ifndef Q_WS_MAC
  return ((int*)(&Q_WS_MAC))[argc];
#else
  (void)argc;
  return 0;
#endif
}

Determining if the QT_MAC_USE_COCOA exist passed with the following output:
Change Dir: /Users/mikewinters/Desktop/ELVISon/build/CMakeFiles/CMakeTmp

Run Build Command:/usr/bin/make "cmTryCompileExec3245412603/fast"
/usr/bin/make -f CMakeFiles/cmTryCompileExec3245412603.dir/build.make CMakeFiles/cmTryCompileExec3245412603.dir/build
/Applications/CMake2.8-11.app/Contents/bin/cmake -E cmake_progress_report /Users/mikewinters/Desktop/ELVISon/build/CMakeFiles/CMakeTmp/CMakeFiles 1
Building CXX object CMakeFiles/cmTryCompileExec3245412603.dir/CheckSymbolExists.cxx.o
/usr/bin/c++    -arch x86_64 -isysroot /Applications/Xcode.app/Contents/Developer/Platforms/MacOSX.platform/Developer/SDKs/MacOSX10.7.sdk -I/usr/local/Cellar/qt/4.8.5/include -F/usr/local/Cellar/qt/4.8.5/lib    -o CMakeFiles/cmTryCompileExec3245412603.dir/CheckSymbolExists.cxx.o -c /Users/mikewinters/Desktop/ELVISon/build/CMakeFiles/CMakeTmp/CheckSymbolExists.cxx
Linking CXX executable cmTryCompileExec3245412603
/Applications/CMake2.8-11.app/Contents/bin/cmake -E cmake_link_script CMakeFiles/cmTryCompileExec3245412603.dir/link.txt --verbose=1
/usr/bin/c++       -arch x86_64 -isysroot /Applications/Xcode.app/Contents/Developer/Platforms/MacOSX.platform/Developer/SDKs/MacOSX10.7.sdk -Wl,-search_paths_first -Wl,-headerpad_max_install_names   CMakeFiles/cmTryCompileExec3245412603.dir/CheckSymbolExists.cxx.o  -o cmTryCompileExec3245412603  

File /Users/mikewinters/Desktop/ELVISon/build/CMakeFiles/CMakeTmp/CheckSymbolExists.cxx:
/* */
#include <QtCore/qconfig.h>

int main(int argc, char** argv)
{
  (void)argv;
#ifndef QT_MAC_USE_COCOA
  return ((int*)(&QT_MAC_USE_COCOA))[argc];
#else
  (void)argc;
  return 0;
#endif
}

